{"/home/pedro/Repositories/clean-node-api/src/presentation/controllers/signup.ts": {"path":"/home/pedro/Repositories/clean-node-api/src/presentation/controllers/signup.ts","all":false,"statementMap":{"0":{"start":{"line":1,"column":0},"end":{"line":1,"column":76}},"1":{"start":{"line":2,"column":0},"end":{"line":2,"column":61}},"2":{"start":{"line":3,"column":0},"end":{"line":3,"column":50}},"3":{"start":{"line":4,"column":0},"end":{"line":4,"column":62}},"4":{"start":{"line":5,"column":0},"end":{"line":5,"column":0}},"5":{"start":{"line":6,"column":0},"end":{"line":6,"column":39}},"6":{"start":{"line":7,"column":0},"end":{"line":7,"column":68}},"7":{"start":{"line":8,"column":0},"end":{"line":8,"column":45}},"8":{"start":{"line":9,"column":0},"end":{"line":9,"column":0}},"9":{"start":{"line":10,"column":0},"end":{"line":10,"column":39}},"10":{"start":{"line":11,"column":0},"end":{"line":11,"column":36}},"11":{"start":{"line":12,"column":0},"end":{"line":12,"column":56}},"12":{"start":{"line":13,"column":0},"end":{"line":13,"column":7}},"13":{"start":{"line":14,"column":0},"end":{"line":14,"column":5}},"14":{"start":{"line":15,"column":0},"end":{"line":15,"column":0}},"15":{"start":{"line":16,"column":0},"end":{"line":16,"column":79}},"16":{"start":{"line":17,"column":0},"end":{"line":17,"column":4}},"17":{"start":{"line":18,"column":0},"end":{"line":18,"column":3}},"18":{"start":{"line":19,"column":0},"end":{"line":19,"column":1}}},"s":{"0":1,"1":1,"2":1,"3":1,"4":1,"5":1,"6":1,"7":3,"8":3,"9":3,"10":5,"11":2,"12":2,"13":5,"14":1,"15":1,"16":1,"17":1,"18":1},"branchMap":{"0":{"type":"branch","line":7,"loc":{"start":{"line":7,"column":2},"end":{"line":18,"column":3}},"locations":[{"start":{"line":7,"column":2},"end":{"line":18,"column":3}}]},"1":{"type":"branch","line":10,"loc":{"start":{"line":10,"column":38},"end":{"line":14,"column":5}},"locations":[{"start":{"line":10,"column":38},"end":{"line":14,"column":5}}]},"2":{"type":"branch","line":11,"loc":{"start":{"line":11,"column":35},"end":{"line":13,"column":7}},"locations":[{"start":{"line":11,"column":35},"end":{"line":13,"column":7}}]},"3":{"type":"branch","line":15,"loc":{"start":{"line":15,"column":-2},"end":{"line":18,"column":3}},"locations":[{"start":{"line":15,"column":-2},"end":{"line":18,"column":3}}]}},"b":{"0":[3],"1":[5],"2":[2],"3":[1]},"fnMap":{"0":{"name":"handle","decl":{"start":{"line":7,"column":2},"end":{"line":18,"column":3}},"loc":{"start":{"line":7,"column":2},"end":{"line":18,"column":3}},"line":7}},"f":{"0":3}}
}
